<?xml version="1.0" encoding="UTF-8"?>
<!-- Generated by org.testng.reporters.JUnitXMLReporter -->
<testsuite hostname="DESKTOP-VAQKFJ2" ignored="0" name="Test" tests="1" failures="1" timestamp="2023-05-16T15:10:23 IST" time="74.459" errors="0">
  <testcase name="verifyInvestorAbleToCreateNewAccount" time="70.712" classname="com.qa.test.suite.TC_002_RedemptionFlowDDT">
    <failure type="java.lang.AssertionError" message="Error Message :Amount cannot exceed the value of clear units available for redemption. Please re-enter">
      <![CDATA[java.lang.AssertionError: Error Message :Amount cannot exceed the value of clear units available for redemption. Please re-enter
at com.qa.test.pageobject.LoginPage.selectRedemptionValue(LoginPage.java:403)
at com.qa.test.suite.TC_002_RedemptionFlowDDT.verifyInvestorAbleToCreateNewAccount(TC_002_RedemptionFlowDDT.java:77)
at java.util.ArrayList.forEach(ArrayList.java:1259)
... Removed 31 stack frames]]>
    </failure>
  </testcase> <!-- verifyInvestorAbleToCreateNewAccount -->
</testsuite> <!-- Test -->
