<?xml version="1.0" encoding="UTF-8"?>
<testsuite xmlns:xsi="http://www.w3.org/2001/XMLSchema-instance" xsi:noNamespaceSchemaLocation="https://maven.apache.org/surefire/maven-surefire-plugin/xsd/surefire-test-report.xsd" name="TestSuite" time="79.635" tests="1" errors="0" skipped="0" failures="1">
  <properties>
[...]
</properties>
  <testcase name="verifyInvestorAbleToCreateNewAccount" classname="com.qa.test.suite.TC_002_RedemptionFlowDDT" time="71.069">
    <failure message="Error Message :Amount cannot exceed the value of clear units available for redemption. Please re-enter" type="java.lang.AssertionError">java.lang.AssertionError: Error Message :Amount cannot exceed the value of clear units available for redemption. Please re-enter
	at com.qa.test.suite.TC_002_RedemptionFlowDDT.verifyInvestorAbleToCreateNewAccount(TC_002_RedemptionFlowDDT.java:77)
</failure>
    <system-out><![CDATA[I am in on Start method Test
I am in on Test Start method verifyInvestorAbleToCreateNewAccount start
ROHITJANGAMRohit@453853411Bandhan Liquid Fund - Direct Plan - GrowthAmount500
OTP message: Copy "9?7?0?8?7?2?"
OTP: 970872
Recieved OTP:970872
I am in onTestFailure method verifyInvestorAbleToCreateNewAccount failed
Screenshot captured for test case:verifyInvestorAbleToCreateNewAccount
]]></system-out>
    <system-err><![CDATA[[main] INFO io.github.bonigarcia.wdm.WebDriverManager - Using chromedriver 113.0.5672.63 (since Google Chrome 113 is installed in your machine)
[main] INFO io.github.bonigarcia.wdm.WebDriverManager - Exporting webdriver.chrome.driver as C:\Users\sagar\.m2\repository\webdriver\chromedriver\win32\113.0.5672.63\chromedriver.exe
Starting ChromeDriver 113.0.5672.63 (0e1a4471d5ae5bf128b1bd8f4d627c8cbd55f70c-refs/branch-heads/5672@{#912}) on port 10426
Only local connections are allowed.
Please see https://chromedriver.chromium.org/security-considerations for suggestions on keeping ChromeDriver safe.
ChromeDriver was started successfully.
May 16, 2023 3:09:10 PM org.openqa.selenium.remote.ProtocolHandshake createSession
INFO: Detected dialect: W3C
May 16, 2023 3:09:27 PM io.appium.java_client.remote.AppiumCommandExecutor$1 lambda$0
INFO: Detected dialect: W3C
]]></system-err>
  </testcase>
</testsuite>